2020-08-24 21:44:29 [main] INFO  c.d.c.u.CricketmatchUserAuthenticationApplication -
				Starting CricketmatchUserAuthenticationApplication on DESKTOP-8LKM104 with PID 5840 (D:\workbench\cricketmatch-user-authentication\target\classes started by lenovo in D:\workbench\cricketmatch-user-authentication)
2020-08-24 21:44:29 [main] INFO  c.d.c.u.CricketmatchUserAuthenticationApplication -
				No active profile set, falling back to default profiles: default
2020-08-24 21:44:35 [main] INFO  o.s.d.r.c.RepositoryConfigurationDelegate -
				Bootstrapping Spring Data JPA repositories in DEFERRED mode.
2020-08-24 21:44:35 [main] INFO  o.s.d.r.c.RepositoryConfigurationDelegate -
				Finished Spring Data repository scanning in 293ms. Found 1 JPA repository interfaces.
2020-08-24 21:44:37 [main] INFO  o.s.b.w.e.tomcat.TomcatWebServer -
				Tomcat initialized with port(s): 8888 (http)
2020-08-24 21:44:38 [main] INFO  o.a.coyote.http11.Http11NioProtocol -
				Initializing ProtocolHandler ["http-nio-8888"]
2020-08-24 21:44:38 [main] INFO  o.a.catalina.core.StandardService -
				Starting service [Tomcat]
2020-08-24 21:44:38 [main] INFO  o.a.catalina.core.StandardEngine -
				Starting Servlet engine: [Apache Tomcat/9.0.37]
2020-08-24 21:44:38 [main] INFO  o.a.c.c.C.[Tomcat].[localhost].[/] -
				Initializing Spring embedded WebApplicationContext
2020-08-24 21:44:38 [main] INFO  o.s.b.w.s.c.ServletWebServerApplicationContext -
				Root WebApplicationContext: initialization completed in 8737 ms
2020-08-24 21:44:40 [main] INFO  o.s.s.c.ThreadPoolTaskExecutor -
				Initializing ExecutorService 'applicationTaskExecutor'
2020-08-24 21:44:40 [task-1] INFO  o.h.jpa.internal.util.LogHelper -
				HHH000204: Processing PersistenceUnitInfo [name: default]
2020-08-24 21:44:42 [task-1] INFO  org.hibernate.Version -
				HHH000412: Hibernate ORM core version 5.4.20.Final
2020-08-24 21:44:43 [main] WARN  o.s.b.a.o.j.JpaBaseConfiguration$JpaWebConfiguration -
				spring.jpa.open-in-view is enabled by default. Therefore, database queries may be performed during view rendering. Explicitly configure spring.jpa.open-in-view to disable this warning
2020-08-24 21:44:44 [main] INFO  s.d.s.w.PropertySourcedRequestMappingHandlerMapping -
				Mapped URL path [/v2/api-docs] onto method [springfox.documentation.swagger2.web.Swagger2Controller#getDocumentation(String, HttpServletRequest)]
2020-08-24 21:44:45 [task-1] INFO  o.h.annotations.common.Version -
				HCANN000001: Hibernate Commons Annotations {5.1.0.Final}
2020-08-24 21:44:46 [task-1] INFO  com.zaxxer.hikari.HikariDataSource -
				HikariPool-1 - Starting...
2020-08-24 21:44:46 [main] INFO  o.a.coyote.http11.Http11NioProtocol -
				Starting ProtocolHandler ["http-nio-8888"]
2020-08-24 21:44:47 [main] INFO  o.s.b.w.e.tomcat.TomcatWebServer -
				Tomcat started on port(s): 8888 (http) with context path ''
2020-08-24 21:44:47 [main] INFO  s.d.s.w.p.DocumentationPluginsBootstrapper -
				Context refreshed
2020-08-24 21:44:47 [main] INFO  s.d.s.w.p.DocumentationPluginsBootstrapper -
				Found 1 custom documentation plugin(s)
2020-08-24 21:44:47 [main] INFO  s.d.s.w.s.ApiListingReferenceScanner -
				Scanning for api listing references
2020-08-24 21:44:47 [main] INFO  o.s.d.r.c.DeferredRepositoryInitializationListener -
				Triggering deferred initialization of Spring Data repositories…
2020-08-24 21:44:48 [task-1] INFO  com.zaxxer.hikari.HikariDataSource -
				HikariPool-1 - Start completed.
2020-08-24 21:44:48 [task-1] INFO  org.hibernate.dialect.Dialect -
				HHH000400: Using dialect: org.hibernate.dialect.MySQL5InnoDBDialect
2020-08-24 21:44:55 [task-1] INFO  o.h.e.t.j.p.i.JtaPlatformInitiator -
				HHH000490: Using JtaPlatform implementation: [org.hibernate.engine.transaction.jta.platform.internal.NoJtaPlatform]
2020-08-24 21:44:56 [task-1] INFO  o.s.o.j.LocalContainerEntityManagerFactoryBean -
				Initialized JPA EntityManagerFactory for persistence unit 'default'
2020-08-24 21:44:57 [main] INFO  o.s.d.r.c.DeferredRepositoryInitializationListener -
				Spring Data repositories initialized!
2020-08-24 21:44:57 [main] INFO  c.d.c.u.CricketmatchUserAuthenticationApplication -
				Started CricketmatchUserAuthenticationApplication in 29.788 seconds (JVM running for 35.573)
2020-08-24 21:47:02 [http-nio-8888-exec-1] INFO  o.a.c.c.C.[Tomcat].[localhost].[/] -
				Initializing Spring DispatcherServlet 'dispatcherServlet'
2020-08-24 21:47:02 [http-nio-8888-exec-1] INFO  o.s.web.servlet.DispatcherServlet -
				Initializing Servlet 'dispatcherServlet'
2020-08-24 21:47:02 [http-nio-8888-exec-1] INFO  o.s.web.servlet.DispatcherServlet -
				Completed initialization in 24 ms
2020-08-24 21:47:03 [http-nio-8888-exec-1] INFO  c.d.c.user.aspectj.LoggingAspect -
				-------@Before("beforeController()"----------UserResponse com.dxc.cricketmatch.user.controller.UserController.login(String,String,HttpSession)
2020-08-24 21:47:03 [http-nio-8888-exec-1] INFO  c.d.c.user.aspectj.LoggingAspect -
				----@AfterReturning---com.dxc.cricketmatch.user.response.UserResponse@1729a876
2020-08-24 21:47:03 [http-nio-8888-exec-1] INFO  c.d.c.user.aspectj.LoggingAspect -
				----------@After(afterController()UserResponse com.dxc.cricketmatch.user.controller.UserController.login(String,String,HttpSession)
2020-08-24 22:28:42 [http-nio-8888-exec-3] INFO  c.d.c.user.aspectj.LoggingAspect -
				-------@Before("beforeController()"----------void com.dxc.cricketmatch.user.controller.UserController.logout()
2020-08-24 22:28:42 [http-nio-8888-exec-3] INFO  c.d.c.user.aspectj.LoggingAspect -
				----@AfterThrowing---invalidate: Session already invalidated
2020-08-24 22:28:42 [http-nio-8888-exec-3] INFO  c.d.c.user.aspectj.LoggingAspect -
				----------@After(afterController()void com.dxc.cricketmatch.user.controller.UserController.logout()
2020-08-24 22:28:42 [http-nio-8888-exec-3] ERROR o.a.c.c.C.[.[.[.[dispatcherServlet] -
				Servlet.service() for servlet [dispatcherServlet] in context with path [] threw exception [Request processing failed; nested exception is java.lang.IllegalStateException: invalidate: Session already invalidated] with root cause
java.lang.IllegalStateException: invalidate: Session already invalidated
	at org.apache.catalina.session.StandardSession.invalidate(StandardSession.java:1217)
	at org.apache.catalina.session.StandardSessionFacade.invalidate(StandardSessionFacade.java:170)
	at com.dxc.cricketmatch.user.controller.UserController.logout(UserController.java:118)
	at com.dxc.cricketmatch.user.controller.UserController$$FastClassBySpringCGLIB$$7dc8f744.invoke(<generated>)
	at org.springframework.cglib.proxy.MethodProxy.invoke(MethodProxy.java:218)
	at org.springframework.aop.framework.CglibAopProxy$CglibMethodInvocation.invokeJoinpoint(CglibAopProxy.java:771)
	at org.springframework.aop.framework.ReflectiveMethodInvocation.proceed(ReflectiveMethodInvocation.java:163)
	at org.springframework.aop.framework.CglibAopProxy$CglibMethodInvocation.proceed(CglibAopProxy.java:749)
	at org.springframework.aop.aspectj.AspectJAfterThrowingAdvice.invoke(AspectJAfterThrowingAdvice.java:62)
	at org.springframework.aop.framework.ReflectiveMethodInvocation.proceed(ReflectiveMethodInvocation.java:186)
	at org.springframework.aop.framework.CglibAopProxy$CglibMethodInvocation.proceed(CglibAopProxy.java:749)
	at org.springframework.aop.framework.adapter.AfterReturningAdviceInterceptor.invoke(AfterReturningAdviceInterceptor.java:55)
	at org.springframework.aop.framework.ReflectiveMethodInvocation.proceed(ReflectiveMethodInvocation.java:186)
	at org.springframework.aop.framework.CglibAopProxy$CglibMethodInvocation.proceed(CglibAopProxy.java:749)
	at org.springframework.aop.aspectj.AspectJAfterAdvice.invoke(AspectJAfterAdvice.java:47)
	at org.springframework.aop.framework.ReflectiveMethodInvocation.proceed(ReflectiveMethodInvocation.java:186)
	at org.springframework.aop.framework.CglibAopProxy$CglibMethodInvocation.proceed(CglibAopProxy.java:749)
	at org.springframework.aop.framework.adapter.MethodBeforeAdviceInterceptor.invoke(MethodBeforeAdviceInterceptor.java:56)
	at org.springframework.aop.framework.ReflectiveMethodInvocation.proceed(ReflectiveMethodInvocation.java:186)
	at org.springframework.aop.framework.CglibAopProxy$CglibMethodInvocation.proceed(CglibAopProxy.java:749)
	at org.springframework.aop.interceptor.ExposeInvocationInterceptor.invoke(ExposeInvocationInterceptor.java:95)
	at org.springframework.aop.framework.ReflectiveMethodInvocation.proceed(ReflectiveMethodInvocation.java:186)
	at org.springframework.aop.framework.CglibAopProxy$CglibMethodInvocation.proceed(CglibAopProxy.java:749)
	at org.springframework.aop.framework.CglibAopProxy$DynamicAdvisedInterceptor.intercept(CglibAopProxy.java:691)
	at com.dxc.cricketmatch.user.controller.UserController$$EnhancerBySpringCGLIB$$67bf2531.logout(<generated>)
	at sun.reflect.NativeMethodAccessorImpl.invoke0(Native Method)
	at sun.reflect.NativeMethodAccessorImpl.invoke(NativeMethodAccessorImpl.java:62)
	at sun.reflect.DelegatingMethodAccessorImpl.invoke(DelegatingMethodAccessorImpl.java:43)
	at java.lang.reflect.Method.invoke(Method.java:498)
	at org.springframework.web.method.support.InvocableHandlerMethod.doInvoke(InvocableHandlerMethod.java:190)
	at org.springframework.web.method.support.InvocableHandlerMethod.invokeForRequest(InvocableHandlerMethod.java:138)
	at org.springframework.web.servlet.mvc.method.annotation.ServletInvocableHandlerMethod.invokeAndHandle(ServletInvocableHandlerMethod.java:105)
	at org.springframework.web.servlet.mvc.method.annotation.RequestMappingHandlerAdapter.invokeHandlerMethod(RequestMappingHandlerAdapter.java:878)
	at org.springframework.web.servlet.mvc.method.annotation.RequestMappingHandlerAdapter.handleInternal(RequestMappingHandlerAdapter.java:792)
	at org.springframework.web.servlet.mvc.method.AbstractHandlerMethodAdapter.handle(AbstractHandlerMethodAdapter.java:87)
	at org.springframework.web.servlet.DispatcherServlet.doDispatch(DispatcherServlet.java:1040)
	at org.springframework.web.servlet.DispatcherServlet.doService(DispatcherServlet.java:943)
	at org.springframework.web.servlet.FrameworkServlet.processRequest(FrameworkServlet.java:1006)
	at org.springframework.web.servlet.FrameworkServlet.doGet(FrameworkServlet.java:898)
	at javax.servlet.http.HttpServlet.service(HttpServlet.java:626)
	at org.springframework.web.servlet.FrameworkServlet.service(FrameworkServlet.java:883)
	at javax.servlet.http.HttpServlet.service(HttpServlet.java:733)
	at org.apache.catalina.core.ApplicationFilterChain.internalDoFilter(ApplicationFilterChain.java:231)
	at org.apache.catalina.core.ApplicationFilterChain.doFilter(ApplicationFilterChain.java:166)
	at org.apache.tomcat.websocket.server.WsFilter.doFilter(WsFilter.java:53)
	at org.apache.catalina.core.ApplicationFilterChain.internalDoFilter(ApplicationFilterChain.java:193)
	at org.apache.catalina.core.ApplicationFilterChain.doFilter(ApplicationFilterChain.java:166)
	at org.springframework.web.filter.RequestContextFilter.doFilterInternal(RequestContextFilter.java:100)
	at org.springframework.web.filter.OncePerRequestFilter.doFilter(OncePerRequestFilter.java:119)
	at org.apache.catalina.core.ApplicationFilterChain.internalDoFilter(ApplicationFilterChain.java:193)
	at org.apache.catalina.core.ApplicationFilterChain.doFilter(ApplicationFilterChain.java:166)
	at org.springframework.web.filter.FormContentFilter.doFilterInternal(FormContentFilter.java:93)
	at org.springframework.web.filter.OncePerRequestFilter.doFilter(OncePerRequestFilter.java:119)
	at org.apache.catalina.core.ApplicationFilterChain.internalDoFilter(ApplicationFilterChain.java:193)
	at org.apache.catalina.core.ApplicationFilterChain.doFilter(ApplicationFilterChain.java:166)
	at org.springframework.web.filter.CharacterEncodingFilter.doFilterInternal(CharacterEncodingFilter.java:201)
	at org.springframework.web.filter.OncePerRequestFilter.doFilter(OncePerRequestFilter.java:119)
	at org.apache.catalina.core.ApplicationFilterChain.internalDoFilter(ApplicationFilterChain.java:193)
	at org.apache.catalina.core.ApplicationFilterChain.doFilter(ApplicationFilterChain.java:166)
	at org.apache.catalina.core.StandardWrapperValve.invoke(StandardWrapperValve.java:202)
	at org.apache.catalina.core.StandardContextValve.invoke(StandardContextValve.java:96)
	at org.apache.catalina.authenticator.AuthenticatorBase.invoke(AuthenticatorBase.java:541)
	at org.apache.catalina.core.StandardHostValve.invoke(StandardHostValve.java:139)
	at org.apache.catalina.valves.ErrorReportValve.invoke(ErrorReportValve.java:92)
	at org.apache.catalina.core.StandardEngineValve.invoke(StandardEngineValve.java:74)
	at org.apache.catalina.connector.CoyoteAdapter.service(CoyoteAdapter.java:343)
	at org.apache.coyote.http11.Http11Processor.service(Http11Processor.java:373)
	at org.apache.coyote.AbstractProcessorLight.process(AbstractProcessorLight.java:65)
	at org.apache.coyote.AbstractProtocol$ConnectionHandler.process(AbstractProtocol.java:868)
	at org.apache.tomcat.util.net.NioEndpoint$SocketProcessor.doRun(NioEndpoint.java:1589)
	at org.apache.tomcat.util.net.SocketProcessorBase.run(SocketProcessorBase.java:49)
	at java.util.concurrent.ThreadPoolExecutor.runWorker(ThreadPoolExecutor.java:1149)
	at java.util.concurrent.ThreadPoolExecutor$Worker.run(ThreadPoolExecutor.java:624)
	at org.apache.tomcat.util.threads.TaskThread$WrappingRunnable.run(TaskThread.java:61)
	at java.lang.Thread.run(Thread.java:748)
2020-08-25 07:01:46 [HikariPool-1 housekeeper] WARN  com.zaxxer.hikari.pool.HikariPool -
				HikariPool-1 - Thread starvation or clock leap detected (housekeeper delta=8h5m47s370ms293µs500ns).
2020-08-25 07:04:06 [http-nio-8888-exec-4] INFO  c.d.c.user.aspectj.LoggingAspect -
				-------@Before("beforeController()"----------UserResponse com.dxc.cricketmatch.user.controller.UserController.login(String,String,HttpSession)
2020-08-25 07:04:07 [http-nio-8888-exec-4] INFO  c.d.c.user.aspectj.LoggingAspect -
				----@AfterReturning---com.dxc.cricketmatch.user.response.UserResponse@224c494e
2020-08-25 07:04:07 [http-nio-8888-exec-4] INFO  c.d.c.user.aspectj.LoggingAspect -
				----------@After(afterController()UserResponse com.dxc.cricketmatch.user.controller.UserController.login(String,String,HttpSession)
2020-08-25 07:10:56 [http-nio-8888-exec-6] INFO  c.d.c.user.aspectj.LoggingAspect -
				-------@Before("beforeController()"----------void com.dxc.cricketmatch.user.controller.UserController.logout()
2020-08-25 07:10:56 [http-nio-8888-exec-6] INFO  c.d.c.user.aspectj.LoggingAspect -
				----@AfterReturning---null
2020-08-25 07:10:56 [http-nio-8888-exec-6] INFO  c.d.c.user.aspectj.LoggingAspect -
				----------@After(afterController()void com.dxc.cricketmatch.user.controller.UserController.logout()
2020-08-25 07:11:05 [http-nio-8888-exec-7] INFO  c.d.c.user.aspectj.LoggingAspect -
				-------@Before("beforeController()"----------UserResponse com.dxc.cricketmatch.user.controller.UserController.login(String,String,HttpSession)
2020-08-25 07:11:05 [http-nio-8888-exec-7] INFO  c.d.c.user.aspectj.LoggingAspect -
				----@AfterReturning---com.dxc.cricketmatch.user.response.UserResponse@30d7a8e
2020-08-25 07:11:05 [http-nio-8888-exec-7] INFO  c.d.c.user.aspectj.LoggingAspect -
				----------@After(afterController()UserResponse com.dxc.cricketmatch.user.controller.UserController.login(String,String,HttpSession)
2020-08-25 07:11:15 [http-nio-8888-exec-8] INFO  c.d.c.user.aspectj.LoggingAspect -
				-------@Before("beforeController()"----------UserResponse com.dxc.cricketmatch.user.controller.UserController.login(String,String,HttpSession)
2020-08-25 07:11:16 [http-nio-8888-exec-8] INFO  c.d.c.user.aspectj.LoggingAspect -
				----@AfterReturning---com.dxc.cricketmatch.user.response.UserResponse@4c500c2e
2020-08-25 07:11:16 [http-nio-8888-exec-8] INFO  c.d.c.user.aspectj.LoggingAspect -
				----------@After(afterController()UserResponse com.dxc.cricketmatch.user.controller.UserController.login(String,String,HttpSession)
2020-08-25 07:11:19 [http-nio-8888-exec-9] INFO  c.d.c.user.aspectj.LoggingAspect -
				-------@Before("beforeController()"----------UserResponse com.dxc.cricketmatch.user.controller.UserController.getUserDetails(String)
2020-08-25 07:11:19 [http-nio-8888-exec-9] INFO  c.d.c.user.aspectj.LoggingAspect -
				----@AfterReturning---com.dxc.cricketmatch.user.response.UserResponse@6fb1b09e
2020-08-25 07:11:19 [http-nio-8888-exec-9] INFO  c.d.c.user.aspectj.LoggingAspect -
				----------@After(afterController()UserResponse com.dxc.cricketmatch.user.controller.UserController.getUserDetails(String)
2020-08-25 07:11:39 [http-nio-8888-exec-1] INFO  c.d.c.user.aspectj.LoggingAspect -
				-------@Before("beforeController()"----------UserResponse com.dxc.cricketmatch.user.controller.UserController.updateUserDetails(User)
2020-08-25 07:11:41 [http-nio-8888-exec-1] INFO  c.d.c.user.aspectj.LoggingAspect -
				----@AfterReturning---com.dxc.cricketmatch.user.response.UserResponse@50a20378
2020-08-25 07:11:41 [http-nio-8888-exec-1] INFO  c.d.c.user.aspectj.LoggingAspect -
				----------@After(afterController()UserResponse com.dxc.cricketmatch.user.controller.UserController.updateUserDetails(User)
